android/build/outputs/logs/manifest-merger-debug-report.txt
-- Merging decision tree log ---
manifest
ADDED from SnakeGame2/android/AndroidManifest.xml:2:1-67:12
INJECTED from SnakeGame2/android/AndroidManifest.xml:2:1-67:12
INJECTED from SnakeGame2/android/AndroidManifest.xml:2:1-67:12
INJECTED from SnakeGame2/android/AndroidManifest.xml:2:1-67:12
MERGED from [com.android.support:design:27.1.1] AndroidManifest.xml:17:1-22:12
MERGED from [com.facebook.android:facebook-share:4.39.0] AndroidManifest.xml:21:1-31:12
MERGED from [com.facebook.android:facebook-common:4.39.0] AndroidManifest.xml:21:1-37:12
MERGED from [com.android.support:appcompat-v7:27.1.1] AndroidManifest.xml:17:1-22:12
MERGED from [com.android.support.constraint:constraint-layout:1.1.3] AndroidManifest.xml:2:1-11:12
MERGED from [:facebook-android-sdk-4.16.0] AndroidManifest.xml:21:1-40:12
MERGED from [com.android.support:recyclerview-v7:27.1.1] AndroidManifest.xml:17:1-22:12
MERGED from [com.android.support:transition:27.1.1] AndroidManifest.xml:17:1-22:12
MERGED from [com.facebook.android:facebook-core:4.39.0] AndroidManifest.xml:21:1-53:12
MERGED from [com.android.support:support-v4:27.1.1] AndroidManifest.xml:17:1-22:12
MERGED from [com.android.support:support-fragment:27.1.1] AndroidManifest.xml:17:1-22:12
MERGED from [com.android.support:animated-vector-drawable:27.1.1] AndroidManifest.xml:17:1-22:12
MERGED from [com.android.support:support-core-ui:27.1.1] AndroidManifest.xml:17:1-22:12
MERGED from [com.android.support:cardview-v7:27.0.2] AndroidManifest.xml:17:1-22:12
MERGED from [com.android.support:customtabs:27.0.2] AndroidManifest.xml:17:1-22:12
MERGED from [com.android.support:support-core-utils:27.1.1] AndroidManifest.xml:17:1-22:12
MERGED from [com.android.support:support-media-compat:27.1.1] AndroidManifest.xml:17:1-22:12
MERGED from [com.android.support:support-vector-drawable:27.1.1] AndroidManifest.xml:17:1-22:12
MERGED from [com.android.support:support-compat:27.1.1] AndroidManifest.xml:17:1-22:12
MERGED from [android.arch.lifecycle:livedata-core:1.1.0] AndroidManifest.xml:17:1-22:12
MERGED from [android.arch.lifecycle:viewmodel:1.1.0] AndroidManifest.xml:17:1-22:12
MERGED from [android.arch.lifecycle:runtime:1.1.0] AndroidManifest.xml:17:1-22:12
MERGED from [android.arch.core:runtime:1.1.0] AndroidManifest.xml:17:1-22:12
INJECTED from SnakeGame2/android/AndroidManifest.xml:2:1-67:12
INJECTED from SnakeGame2/android/AndroidManifest.xml:2:1-67:12
INJECTED from SnakeGame2/android/AndroidManifest.xml:2:1-67:12
	package
		ADDED from SnakeGame2/android/AndroidManifest.xml:3:5-30
		INJECTED from SnakeGame2/android/AndroidManifest.xml
		INJECTED from SnakeGame2/android/AndroidManifest.xml
	android:versionName
		INJECTED from SnakeGame2/android/AndroidManifest.xml
		ADDED from SnakeGame2/android/AndroidManifest.xml:2:1-67:12
		INJECTED from SnakeGame2/android/AndroidManifest.xml
	android:versionCode
		INJECTED from SnakeGame2/android/AndroidManifest.xml
		ADDED from SnakeGame2/android/AndroidManifest.xml:2:1-67:12
		INJECTED from SnakeGame2/android/AndroidManifest.xml
	xmlns:android
		ADDED from SnakeGame2/android/AndroidManifest.xml:2:11-69
uses-permission#android.permission.INTERNET
ADDED from SnakeGame2/android/AndroidManifest.xml:5:5-67
	android:name
		ADDED from SnakeGame2/android/AndroidManifest.xml:5:22-64
uses-permission#android.permission.ACCESS_WIFI_STATE
ADDED from SnakeGame2/android/AndroidManifest.xml:6:5-76
	android:name
		ADDED from SnakeGame2/android/AndroidManifest.xml:6:22-73
uses-permission#android.permission.ACCESS_NETWORK_STATE
ADDED from SnakeGame2/android/AndroidManifest.xml:7:5-79
	android:name
		ADDED from SnakeGame2/android/AndroidManifest.xml:7:22-76
uses-permission#android.permission.WRITE_EXTERNAL_STORAGE
ADDED from SnakeGame2/android/AndroidManifest.xml:8:5-81
	android:name
		ADDED from SnakeGame2/android/AndroidManifest.xml:8:22-78
uses-permission#android.permission.READ_PHONE_STATE
ADDED from SnakeGame2/android/AndroidManifest.xml:9:5-75
	android:name
		ADDED from SnakeGame2/android/AndroidManifest.xml:9:22-72
uses-permission#android.permission.READ_EXTERNAL_STORAGE
ADDED from SnakeGame2/android/AndroidManifest.xml:10:5-80
	android:name
		ADDED from SnakeGame2/android/AndroidManifest.xml:10:22-77
application
ADDED from SnakeGame2/android/AndroidManifest.xml:12:5-65:19
MERGED from [com.facebook.android:facebook-share:4.39.0] AndroidManifest.xml:28:5-29:19
MERGED from [com.facebook.android:facebook-share:4.39.0] AndroidManifest.xml:28:5-29:19
MERGED from [com.facebook.android:facebook-common:4.39.0] AndroidManifest.xml:28:5-35:19
MERGED from [com.facebook.android:facebook-common:4.39.0] AndroidManifest.xml:28:5-35:19
MERGED from [com.android.support.constraint:constraint-layout:1.1.3] AndroidManifest.xml:9:5-20
MERGED from [com.android.support.constraint:constraint-layout:1.1.3] AndroidManifest.xml:9:5-20
MERGED from [:facebook-android-sdk-4.16.0] AndroidManifest.xml:28:5-38:19
MERGED from [:facebook-android-sdk-4.16.0] AndroidManifest.xml:28:5-38:19
MERGED from [com.facebook.android:facebook-core:4.39.0] AndroidManifest.xml:28:5-51:19
MERGED from [com.facebook.android:facebook-core:4.39.0] AndroidManifest.xml:28:5-51:19
	android:supportsRtl
		ADDED from [com.facebook.android:facebook-share:4.39.0] AndroidManifest.xml:28:18-44
	android:label
		ADDED from SnakeGame2/android/AndroidManifest.xml:15:9-41
	android:icon
		ADDED from SnakeGame2/android/AndroidManifest.xml:14:9-45
	android:allowBackup
		ADDED from SnakeGame2/android/AndroidManifest.xml:13:9-35
	android:theme
		ADDED from SnakeGame2/android/AndroidManifest.xml:16:9-40
meta-data#com.facebook.sdk.ApplicationId
ADDED from SnakeGame2/android/AndroidManifest.xml:18:9-20:55
	android:value
		ADDED from SnakeGame2/android/AndroidManifest.xml:20:13-52
	android:name
		ADDED from SnakeGame2/android/AndroidManifest.xml:19:13-58
activity#com.packt.snake.Welcome_Activity
ADDED from SnakeGame2/android/AndroidManifest.xml:22:9-31:20
	android:screenOrientation
		ADDED from SnakeGame2/android/AndroidManifest.xml:24:13-50
	android:theme
		ADDED from SnakeGame2/android/AndroidManifest.xml:25:13-44
	android:name
		ADDED from SnakeGame2/android/AndroidManifest.xml:23:13-45
intent-filter#action:name:android.intent.action.MAIN+category:name:android.intent.category.LAUNCHER
ADDED from SnakeGame2/android/AndroidManifest.xml:26:13-30:29
action#android.intent.action.MAIN
ADDED from SnakeGame2/android/AndroidManifest.xml:27:17-69
	android:name
		ADDED from SnakeGame2/android/AndroidManifest.xml:27:25-66
category#android.intent.category.LAUNCHER
ADDED from SnakeGame2/android/AndroidManifest.xml:29:17-77
	android:name
		ADDED from SnakeGame2/android/AndroidManifest.xml:29:27-74
activity#com.packt.snake.AndroidLauncher
ADDED from SnakeGame2/android/AndroidManifest.xml:32:9-36:53
	android:screenOrientation
		ADDED from SnakeGame2/android/AndroidManifest.xml:36:13-50
	android:label
		ADDED from SnakeGame2/android/AndroidManifest.xml:35:13-45
	android:configChanges
		ADDED from SnakeGame2/android/AndroidManifest.xml:34:13-107
	android:name
		ADDED from SnakeGame2/android/AndroidManifest.xml:33:13-44
activity#com.packt.snake.Score_Activity
ADDED from SnakeGame2/android/AndroidManifest.xml:37:9-52:20
	android:screenOrientation
		ADDED from SnakeGame2/android/AndroidManifest.xml:39:13-50
	android:theme
		ADDED from SnakeGame2/android/AndroidManifest.xml:40:13-44
	android:name
		ADDED from SnakeGame2/android/AndroidManifest.xml:38:13-43
intent-filter#action:name:android.intent.action.VIEW+category:name:android.intent.category.BROWSABLE+category:name:android.intent.category.DEFAULT+data:host:slither.io+data:pathPrefix:/receipe+data:scheme:http
ADDED from SnakeGame2/android/AndroidManifest.xml:41:13-51:29
action#android.intent.action.VIEW
ADDED from SnakeGame2/android/AndroidManifest.xml:42:17-69
	android:name
		ADDED from SnakeGame2/android/AndroidManifest.xml:42:25-66
category#android.intent.category.DEFAULT
ADDED from SnakeGame2/android/AndroidManifest.xml:44:17-76
	android:name
		ADDED from SnakeGame2/android/AndroidManifest.xml:44:27-73
category#android.intent.category.BROWSABLE
ADDED from SnakeGame2/android/AndroidManifest.xml:45:17-78
	android:name
		ADDED from SnakeGame2/android/AndroidManifest.xml:45:27-75
data
ADDED from SnakeGame2/android/AndroidManifest.xml:47:17-50:53
	android:host
		ADDED from SnakeGame2/android/AndroidManifest.xml:49:21-46
	android:scheme
		ADDED from SnakeGame2/android/AndroidManifest.xml:48:21-42
	android:pathPrefix
		ADDED from SnakeGame2/android/AndroidManifest.xml:50:21-50
activity#com.packt.snake.Setting_Activity
ADDED from SnakeGame2/android/AndroidManifest.xml:53:9-56:47
	android:screenOrientation
		ADDED from SnakeGame2/android/AndroidManifest.xml:55:13-50
	android:theme
		ADDED from SnakeGame2/android/AndroidManifest.xml:56:13-44
	android:name
		ADDED from SnakeGame2/android/AndroidManifest.xml:54:13-45
activity#com.packt.snake.AdvertiseActivity
ADDED from SnakeGame2/android/AndroidManifest.xml:57:9-59:62
	android:theme
		ADDED from SnakeGame2/android/AndroidManifest.xml:59:13-50
	android:name
		ADDED from SnakeGame2/android/AndroidManifest.xml:58:13-46
provider#com.facebook.FacebookContentProvider
ADDED from SnakeGame2/android/AndroidManifest.xml:61:9-64:39
	android:authorities
		ADDED from SnakeGame2/android/AndroidManifest.xml:62:13-91
	android:exported
		ADDED from SnakeGame2/android/AndroidManifest.xml:64:13-36
	android:name
		ADDED from SnakeGame2/android/AndroidManifest.xml:63:13-64
uses-sdk
INJECTED from SnakeGame2/android/AndroidManifest.xml reason: use-sdk injection requested
INJECTED from SnakeGame2/android/AndroidManifest.xml
INJECTED from SnakeGame2/android/AndroidManifest.xml
MERGED from [com.android.support:design:27.1.1] AndroidManifest.xml:20:5-44
MERGED from [com.android.support:design:27.1.1] AndroidManifest.xml:20:5-44
MERGED from [com.facebook.android:facebook-share:4.39.0] AndroidManifest.xml:24:5-26:41
MERGED from [com.facebook.android:facebook-share:4.39.0] AndroidManifest.xml:24:5-26:41
MERGED from [com.facebook.android:facebook-common:4.39.0] AndroidManifest.xml:24:5-26:41
MERGED from [com.facebook.android:facebook-common:4.39.0] AndroidManifest.xml:24:5-26:41
MERGED from [com.android.support:appcompat-v7:27.1.1] AndroidManifest.xml:20:5-44
MERGED from [com.android.support:appcompat-v7:27.1.1] AndroidManifest.xml:20:5-44
MERGED from [com.android.support.constraint:constraint-layout:1.1.3] AndroidManifest.xml:5:5-7:41
MERGED from [com.android.support.constraint:constraint-layout:1.1.3] AndroidManifest.xml:5:5-7:41
MERGED from [:facebook-android-sdk-4.16.0] AndroidManifest.xml:24:5-26:41
MERGED from [:facebook-android-sdk-4.16.0] AndroidManifest.xml:24:5-26:41
MERGED from [com.android.support:recyclerview-v7:27.1.1] AndroidManifest.xml:20:5-44
MERGED from [com.android.support:recyclerview-v7:27.1.1] AndroidManifest.xml:20:5-44
MERGED from [com.android.support:transition:27.1.1] AndroidManifest.xml:20:5-44
MERGED from [com.android.support:transition:27.1.1] AndroidManifest.xml:20:5-44
MERGED from [com.facebook.android:facebook-core:4.39.0] AndroidManifest.xml:24:5-26:41
MERGED from [com.facebook.android:facebook-core:4.39.0] AndroidManifest.xml:24:5-26:41
MERGED from [com.android.support:support-v4:27.1.1] AndroidManifest.xml:20:5-44
MERGED from [com.android.support:support-v4:27.1.1] AndroidManifest.xml:20:5-44
MERGED from [com.android.support:support-fragment:27.1.1] AndroidManifest.xml:20:5-44
MERGED from [com.android.support:support-fragment:27.1.1] AndroidManifest.xml:20:5-44
MERGED from [com.android.support:animated-vector-drawable:27.1.1] AndroidManifest.xml:20:5-44
MERGED from [com.android.support:animated-vector-drawable:27.1.1] AndroidManifest.xml:20:5-44
MERGED from [com.android.support:support-core-ui:27.1.1] AndroidManifest.xml:20:5-44
MERGED from [com.android.support:support-core-ui:27.1.1] AndroidManifest.xml:20:5-44
MERGED from [com.android.support:cardview-v7:27.0.2] AndroidManifest.xml:20:5-44
MERGED from [com.android.support:cardview-v7:27.0.2] AndroidManifest.xml:20:5-44
MERGED from [com.android.support:customtabs:27.0.2] AndroidManifest.xml:20:5-44
MERGED from [com.android.support:customtabs:27.0.2] AndroidManifest.xml:20:5-44
MERGED from [com.android.support:support-core-utils:27.1.1] AndroidManifest.xml:20:5-44
MERGED from [com.android.support:support-core-utils:27.1.1] AndroidManifest.xml:20:5-44
MERGED from [com.android.support:support-media-compat:27.1.1] AndroidManifest.xml:20:5-44
MERGED from [com.android.support:support-media-compat:27.1.1] AndroidManifest.xml:20:5-44
MERGED from [com.android.support:support-vector-drawable:27.1.1] AndroidManifest.xml:20:5-44
MERGED from [com.android.support:support-vector-drawable:27.1.1] AndroidManifest.xml:20:5-44
MERGED from [com.android.support:support-compat:27.1.1] AndroidManifest.xml:20:5-44
MERGED from [com.android.support:support-compat:27.1.1] AndroidManifest.xml:20:5-44
MERGED from [android.arch.lifecycle:livedata-core:1.1.0] AndroidManifest.xml:20:5-44
MERGED from [android.arch.lifecycle:livedata-core:1.1.0] AndroidManifest.xml:20:5-44
MERGED from [android.arch.lifecycle:viewmodel:1.1.0] AndroidManifest.xml:20:5-44
MERGED from [android.arch.lifecycle:viewmodel:1.1.0] AndroidManifest.xml:20:5-44
MERGED from [android.arch.lifecycle:runtime:1.1.0] AndroidManifest.xml:20:5-44
MERGED from [android.arch.lifecycle:runtime:1.1.0] AndroidManifest.xml:20:5-44
MERGED from [android.arch.core:runtime:1.1.0] AndroidManifest.xml:20:5-44
MERGED from [android.arch.core:runtime:1.1.0] AndroidManifest.xml:20:5-44
INJECTED from SnakeGame2/android/AndroidManifest.xml
INJECTED from SnakeGame2/android/AndroidManifest.xml
	android:targetSdkVersion
		INJECTED from SnakeGame2/android/AndroidManifest.xml
		ADDED from SnakeGame2/android/AndroidManifest.xml
		INJECTED from SnakeGame2/android/AndroidManifest.xml
	android:minSdkVersion
		INJECTED from SnakeGame2/android/AndroidManifest.xml
		ADDED from SnakeGame2/android/AndroidManifest.xml
		INJECTED from SnakeGame2/android/AndroidManifest.xml
activity#com.facebook.FacebookActivity
ADDED from [com.facebook.android:facebook-common:4.39.0] AndroidManifest.xml:29:9-32:66
MERGED from [:facebook-android-sdk-4.16.0] AndroidManifest.xml:29:9-32:66
MERGED from [:facebook-android-sdk-4.16.0] AndroidManifest.xml:29:9-32:66
	android:configChanges
		ADDED from [com.facebook.android:facebook-common:4.39.0] AndroidManifest.xml:31:13-96
	android:theme
		ADDED from [com.facebook.android:facebook-common:4.39.0] AndroidManifest.xml:32:13-63
	android:name
		ADDED from [com.facebook.android:facebook-common:4.39.0] AndroidManifest.xml:30:13-57
activity#com.facebook.CustomTabMainActivity
ADDED from [com.facebook.android:facebook-common:4.39.0] AndroidManifest.xml:33:9-71
MERGED from [:facebook-android-sdk-4.16.0] AndroidManifest.xml:37:9-71
MERGED from [:facebook-android-sdk-4.16.0] AndroidManifest.xml:37:9-71
	android:name
		ADDED from [com.facebook.android:facebook-common:4.39.0] AndroidManifest.xml:33:19-68
activity#com.facebook.CustomTabActivity
ADDED from [com.facebook.android:facebook-common:4.39.0] AndroidManifest.xml:34:9-67
MERGED from [:facebook-android-sdk-4.16.0] AndroidManifest.xml:33:9-36:20
MERGED from [:facebook-android-sdk-4.16.0] AndroidManifest.xml:33:9-36:20
	android:exported
		ADDED from [:facebook-android-sdk-4.16.0] AndroidManifest.xml:35:13-36
	android:name
		ADDED from [com.facebook.android:facebook-common:4.39.0] AndroidManifest.xml:34:19-64
provider#com.facebook.internal.FacebookInitProvider
ADDED from [com.facebook.android:facebook-core:4.39.0] AndroidManifest.xml:39:9-42:40
	android:authorities
		ADDED from [com.facebook.android:facebook-core:4.39.0] AndroidManifest.xml:41:13-72
	android:exported
		ADDED from [com.facebook.android:facebook-core:4.39.0] AndroidManifest.xml:42:13-37
	android:name
		ADDED from [com.facebook.android:facebook-core:4.39.0] AndroidManifest.xml:40:13-70
receiver#com.facebook.CurrentAccessTokenExpirationBroadcastReceiver
ADDED from [com.facebook.android:facebook-core:4.39.0] AndroidManifest.xml:44:9-50:20
	android:exported
		ADDED from [com.facebook.android:facebook-core:4.39.0] AndroidManifest.xml:46:13-37
	android:name
		ADDED from [com.facebook.android:facebook-core:4.39.0] AndroidManifest.xml:45:13-86
intent-filter#action:name:com.facebook.sdk.ACTION_CURRENT_ACCESS_TOKEN_CHANGED
ADDED from [com.facebook.android:facebook-core:4.39.0] AndroidManifest.xml:47:13-49:29
action#com.facebook.sdk.ACTION_CURRENT_ACCESS_TOKEN_CHANGED
ADDED from [com.facebook.android:facebook-core:4.39.0] AndroidManifest.xml:48:17-95
	android:name
		ADDED from [com.facebook.android:facebook-core:4.39.0] AndroidManifest.xml:48:25-92